<?xml version="1.0" encoding="UTF-8"?>
<beans xmlns="http://www.springframework.org/schema/beans"
	xmlns:p="http://www.springframework.org/schema/p" xmlns:xsi="http://www.w3.org/2001/XMLSchema-instance"
	xsi:schemaLocation="http://www.springframework.org/schema/beans http://www.springframework.org/schema/beans/spring-beans.xsd">

	<bean id="serverInfoDao"
		class="name.skitazaki.apiproxy.repository.HibernateServerInfoDao" />

	<bean id="serverInfoManager" class="name.skitazaki.apiproxy.service.SimpleServerInfoManager" />
	<bean id="proxy" class="name.skitazaki.apiproxy.service.HttpRequestProxy" />
	<bean id="ctrl" class="name.skitazaki.apiproxy.HomeController" />

	<bean id="dataSource"
		class="org.springframework.jdbc.datasource.DriverManagerDataSource"
		p:driverClassName="org.hsqldb.jdbcDriver" p:url="jdbc:hsqldb:mem:apiproxy"
		p:username="sa" p:password="" />

	<bean id="sessionFactory"
		class="org.springframework.orm.hibernate4.LocalSessionFactoryBean"
		p:dataSource-ref="dataSource" p:packagesToScan="name.skitazaki.apiproxy.model">
		<property name="hibernateProperties">
			<props>
				<prop key="hibernate.dialect">org.hibernate.dialect.HSQLDialect</prop>
				<prop key="hibernate.show_sql">true</prop>
				<prop key="hibernate.format_sql">true</prop>
				<prop key="hibernate.generate_statistics">true</prop>
				<prop key="hibernate.hbm2ddl.auto">create-drop</prop>
			</props>
		</property>
	</bean>

	<bean id="transactionManager"
		class="org.springframework.orm.hibernate4.HibernateTransactionManager"
		p:sessionFactory-ref="sessionFactory" />

	<bean id="restTemplate" class="org.springframework.web.client.RestTemplate">
		<property name="messageConverters">
			<list>
				<bean id="jsonConverter"
					class="org.springframework.http.converter.json.MappingJacksonHttpMessageConverter"
					p:supportedMediaTypes="application/json" />
			</list>
		</property>
	</bean>

</beans>
